[01:26:40] [main/INFO]: Loading Minecraft 1.19.3 with Fabric Loader 0.14.18
[01:26:40] [main/INFO]: Loading 43 mods:
	- bclib 2.2.4
	- betterend 3.1.2
	- fabric-api 0.76.0+1.19.3
	   |-- fabric-api-base 0.4.21+70be179c85
	   |-- fabric-api-lookup-api-v1 1.6.20+49abcf7e85
	   |-- fabric-biome-api-v1 12.1.2+f1c68e5885
	   |-- fabric-block-api-v1 1.0.5+e022e5d185
	   |-- fabric-blockrenderlayer-v1 1.1.31+928d44d585
	   |-- fabric-client-tags-api-v1 1.0.12+1134c5b885
	   |-- fabric-command-api-v1 1.2.22+f71b366f85
	   |-- fabric-command-api-v2 2.2.1+3fc4752e85
	   |-- fabric-commands-v0 0.2.39+df3654b385
	   |-- fabric-containers-v0 0.1.47+df3654b385
	   |-- fabric-content-registries-v0 3.5.2+1d37d50285
	   |-- fabric-convention-tags-v1 1.3.0+521b5c5285
	   |-- fabric-crash-report-info-v1 0.2.14+aeb40ebe85
	   |-- fabric-data-generation-api-v1 11.3.2+40dc7a9485
	   |-- fabric-dimensions-v1 2.1.42+00a2eb1085
	   |-- fabric-entity-events-v1 1.5.7+b83334a085
	   |-- fabric-events-interaction-v0 0.4.40+3baeb27a85
	   |-- fabric-events-lifecycle-v0 0.2.45+df3654b385
	   |-- fabric-game-rule-api-v1 1.0.30+99f9db8085
	   |-- fabric-item-api-v1 2.1.11+71b8257385
	   |-- fabric-item-group-api-v1 2.1.13+b5470ac785
	   |-- fabric-key-binding-api-v1 1.0.31+bc01e09785
	   |-- fabric-keybindings-v0 0.2.29+df3654b385
	   |-- fabric-lifecycle-events-v1 2.2.10+23a79c8a85
	   |-- fabric-loot-api-v2 1.1.21+75e9821185
	   |-- fabric-loot-tables-v1 1.1.25+9e7660c685
	   |-- fabric-message-api-v1 5.1.0+c85585f885
	   |-- fabric-mining-level-api-v1 2.1.32+49abcf7e85
	   |-- fabric-models-v0 0.3.27+11ba9c3b85
	   |-- fabric-networking-api-v1 1.2.17+4017a8cb85
	   |-- fabric-networking-v0 0.3.34+df3654b385
	   |-- fabric-object-builder-api-v1 5.4.2+eb2a3ba985
	   |-- fabric-particles-v1 1.0.20+f1e4495b85
	   |-- fabric-recipe-api-v1 1.0.1+5176f73d85
	   |-- fabric-registry-sync-v0 2.1.0+f7b4d36485
	   |-- fabric-renderer-api-v1 2.2.2+3a95925a85
	   |-- fabric-renderer-indigo 0.8.0+3a95925a85
	   |-- fabric-renderer-registries-v1 3.2.31+df3654b385
	   |-- fabric-rendering-data-attachment-v1 0.3.25+afca2f3e85
	   |-- fabric-rendering-fluids-v1 3.0.18+f1e4495b85
	   |-- fabric-rendering-v0 1.1.34+df3654b385
	   |-- fabric-rendering-v1 1.13.0+ad17775585
	   |-- fabric-resource-conditions-api-v1 2.3.0+e63306e085
	   |-- fabric-resource-loader-v0 0.11.0+68296ad585
	   |-- fabric-screen-api-v1 1.0.41+f1e4495b85
	   |-- fabric-screen-handler-api-v1 1.3.13+99f9db8085
	   |-- fabric-sound-api-v1 1.0.8+75e9821185
	   |-- fabric-transfer-api-v1 2.1.15+ccd377ba85
	   \-- fabric-transitive-access-wideners-v1 2.3.1+40dc7a9485
	- fabricloader 0.14.18
	- java 17
	- minecraft 1.19.3
[01:26:40] [main/INFO]: SpongePowered MIXIN Subsystem Version=0.8.5 Source=file:/Users/aarongraybill/my_programs/Minecraft_Server/server/libraries/net/fabricmc/sponge-mixin/0.12.4+mixin.0.8.5/sponge-mixin-0.12.4+mixin.0.8.5.jar Service=Knot/Fabric Env=SERVER
[01:26:40] [main/INFO]: Compatibility level set to JAVA_17
[01:26:42] [main/INFO]: Building unoptimized datafixer
[01:26:43] [main/INFO]: [bclib] Added Config bclib.generator to auto sync (file hash)
[01:26:43] [main/INFO]: [bclib] Added Config bclib.main to auto sync (content diff)
[01:26:43] [main/INFO]: [bclib] Added Config bclib.recipes to auto sync (file hash)
[01:26:43] [main/INFO]: [bclib] Added Config bclib.biomes to auto sync (file hash)
[01:26:43] [main/INFO]: [bclib] Added Config betterend.entities to auto sync (file hash)
[01:26:43] [main/INFO]: [bclib] Added Config betterend.blocks to auto sync (file hash)
[01:26:43] [main/INFO]: [bclib] Added Config betterend.items to auto sync (file hash)
[01:26:43] [main/INFO]: [bclib] Added Config betterend.biomes to auto sync (file hash)
[01:26:43] [main/INFO]: [bclib] Added Config betterend.recipes to auto sync (file hash)
[01:26:43] [main/INFO]: [bclib] Added Config betterend.enchantments to auto sync (file hash)
[01:26:47] [main/INFO]: Environment: authHost='https://authserver.mojang.com', accountsHost='https://api.mojang.com', sessionHost='https://sessionserver.mojang.com', servicesHost='https://api.minecraftservices.com', name='PROD'
[01:26:47] [main/INFO]: [bclib] Running Pre Patchers on ./world/.
[01:26:47] [main/INFO]: [DataFixerAPI] Everything up to date
[01:26:47] [main/INFO]: [bclib] Updating Pickers for BCLib - The End  BiomeSource (25d9217c)
[01:26:47] [main/INFO]: [bclib] Unable to build Biome List yet
[01:26:47] [main/INFO]: [bclib] No Void Biomes found. Disabling by using barrens
[01:26:47] [main/INFO]: [bclib] No Barrens Biomes found. Disabling by using land Biomes
[01:26:47] [main/WARN]: [bclib] No Center Island Biomes found. Forcing use of vanilla center.
[01:26:47] [main/INFO]: [bclib] Updating Pickers for BCLib - Nether BiomeSource (1ad32498)
[01:26:47] [main/INFO]: [bclib] Unable to build Biome List yet
[01:26:47] [main/INFO]: [bclib] Updating Pickers for BCLib - The End  BiomeSource (1f1cae5c)
[01:26:47] [main/INFO]: [bclib] Unable to build Biome List yet
[01:26:47] [main/INFO]: [bclib] No Void Biomes found. Disabling by using barrens
[01:26:47] [main/INFO]: [bclib] No Barrens Biomes found. Disabling by using land Biomes
[01:26:47] [main/WARN]: [bclib] No Center Island Biomes found. Forcing use of vanilla center.
[01:26:47] [main/INFO]: [bclib] Updating Pickers for BCLib - Nether BiomeSource (1ca3258d)
[01:26:47] [main/INFO]: [bclib] Unable to build Biome List yet
[01:26:48] [main/INFO]: [bclib] Updating Pickers for BCLib - The End  BiomeSource (c8dceb0)
[01:26:48] [main/INFO]: [bclib] Unable to build Biome List yet
[01:26:48] [main/INFO]: [bclib] No Void Biomes found. Disabling by using barrens
[01:26:48] [main/INFO]: [bclib] No Barrens Biomes found. Disabling by using land Biomes
[01:26:48] [main/WARN]: [bclib] No Center Island Biomes found. Forcing use of vanilla center.
[01:26:48] [main/INFO]: [bclib] Updating Pickers for BCLib - Nether BiomeSource (75438afa)
[01:26:48] [main/INFO]: [bclib] Unable to build Biome List yet
[01:26:48] [main/INFO]: [bclib] Updating Pickers for BCLib - The End  BiomeSource (ddb1912)
[01:26:48] [main/INFO]: [bclib] Unable to build Biome List yet
[01:26:48] [main/INFO]: [bclib] No Void Biomes found. Disabling by using barrens
[01:26:48] [main/INFO]: [bclib] No Barrens Biomes found. Disabling by using land Biomes
[01:26:48] [main/WARN]: [bclib] No Center Island Biomes found. Forcing use of vanilla center.
[01:26:48] [main/INFO]: [bclib] Updating Pickers for BCLib - Nether BiomeSource (20032a8)
[01:26:48] [main/INFO]: [bclib] Unable to build Biome List yet
[01:26:48] [main/WARN]: [bclib] No valid Biome Registry available!
[01:26:48] [main/ERROR]: [worlds_together] Tried to read from global registry!
[01:26:48] [main/ERROR]: [worlds_together] Tried to read from global registry!
[01:26:48] [main/ERROR]: [worlds_together] No valid registry found!
[01:26:48] [main/INFO]: [bclib] Found World without generator Settings. Setting up data...
[01:26:48] [main/ERROR]: [worlds_together] Tried to read from global registry!
[01:26:48] [main/ERROR]: [worlds_together] No valid registry found!
[01:26:48] [main/ERROR]: [bclib] Failed to set world to BiomeSource Version ResourceKey[minecraft:worldgen/world_preset / bclib:normal]
[01:26:48] [main/INFO]: [fabric-registry-sync] Loaded registry data [file 1/4]
[01:26:48] [main/INFO]: Loaded 7 recipes
[01:26:48] [main/INFO]: Loaded 1856 advancements
[01:26:49] [main/INFO]: Applied 0 biome modifications to 0 of 88 new biomes in 665.2 μs
[01:26:49] [Server thread/INFO]: Starting minecraft server version 1.19.3
[01:26:49] [Server thread/INFO]: Loading properties
[01:26:49] [Server thread/INFO]: Default game type: SURVIVAL
[01:26:49] [Server thread/INFO]: Generating keypair
[01:26:49] [Server thread/INFO]: Starting Minecraft server on *:25565
[01:26:49] [Server thread/INFO]: Using default channel type
[01:26:49] [Server thread/INFO]: Preparing level "world"
[01:26:49] [Server thread/INFO]: [bclib] 
Apply Modifications for minecraft:overworld
    class_4766 (17f54734)
        biomes     = 52
        namespaces = minecraft
[01:26:49] [Server thread/INFO]: [bclib] 
Apply Modifications for minecraft:the_nether
    class_4766 (43c61d87)
        biomes     = 5
        namespaces = minecraft
[01:26:49] [Server thread/INFO]: [bclib] 
Apply Modifications for minecraft:the_end
    class_2169 (1d11237)
        biomes     = 5
        namespaces = minecraft
[01:26:49] [Server thread/INFO]: [bclib] World Dimensions: 
 - minecraft:overworld: 
     net.minecraft.class_3754@38d7ffcc 
     class_4766 (17f54734)
         biomes     = 52
         namespaces = minecraft
 - minecraft:the_nether: 
     net.minecraft.class_3754@752373b2 
     class_4766 (43c61d87)
         biomes     = 5
         namespaces = minecraft
 - minecraft:the_end: 
     net.minecraft.class_3754@2a78b591 
     class_2169 (1d11237)
         biomes     = 5
         namespaces = minecraft
[01:26:49] [Server thread/INFO]: Preparing start region for dimension minecraft:overworld
[01:26:51] [Worker-Main-5/INFO]: Preparing spawn area: 0%
[01:26:51] [Worker-Main-5/INFO]: Preparing spawn area: 0%
[01:26:51] [Worker-Main-5/INFO]: Preparing spawn area: 0%
[01:26:51] [Worker-Main-3/INFO]: Preparing spawn area: 0%
[01:26:51] [Worker-Main-8/INFO]: Preparing spawn area: 85%
[01:26:51] [Server thread/INFO]: Time elapsed: 2056 ms
[01:26:51] [Server thread/INFO]: Done (2.653s)! For help, type "help"
